  Boid.cpp
C:\Vishrut\Programming\PersonalProjects\VisualStudio\SDL2\BoidsSimulation\src\Utils.h(22,22): warning C4244: '=': conversion from 'double' to 'Uint8', possible loss of data
C:\Vishrut\Programming\PersonalProjects\VisualStudio\SDL2\BoidsSimulation\src\Utils.h(23,22): warning C4244: '=': conversion from 'double' to 'Uint8', possible loss of data
C:\Vishrut\Programming\PersonalProjects\VisualStudio\SDL2\BoidsSimulation\src\Utils.h(24,22): warning C4244: '=': conversion from 'double' to 'Uint8', possible loss of data
C:\Vishrut\Programming\PersonalProjects\VisualStudio\SDL2\BoidsSimulation\src\Boid.cpp(24,41): warning C4244: 'argument': conversion from 'float' to 'int', possible loss of data
C:\Vishrut\Programming\PersonalProjects\VisualStudio\SDL2\BoidsSimulation\src\Boid.cpp(24,35): warning C4244: 'argument': conversion from 'float' to 'int', possible loss of data
  FlockController.cpp
C:\Vishrut\Programming\PersonalProjects\VisualStudio\SDL2\BoidsSimulation\src\Utils.h(22,22): warning C4244: '=': conversion from 'double' to 'Uint8', possible loss of data
C:\Vishrut\Programming\PersonalProjects\VisualStudio\SDL2\BoidsSimulation\src\Utils.h(23,22): warning C4244: '=': conversion from 'double' to 'Uint8', possible loss of data
C:\Vishrut\Programming\PersonalProjects\VisualStudio\SDL2\BoidsSimulation\src\Utils.h(24,22): warning C4244: '=': conversion from 'double' to 'Uint8', possible loss of data
C:\Vishrut\Programming\PersonalProjects\VisualStudio\SDL2\BoidsSimulation\src\FlockController.cpp(5,12): warning C4305: 'initializing': truncation from 'double' to 'const float'
C:\Vishrut\Programming\PersonalProjects\VisualStudio\SDL2\BoidsSimulation\src\FlockController.cpp(8,17): warning C4305: 'initializing': truncation from 'double' to 'const float'
C:\Vishrut\Programming\PersonalProjects\VisualStudio\SDL2\BoidsSimulation\src\FlockController.cpp(9,13): warning C4305: 'initializing': truncation from 'double' to 'const float'
C:\Vishrut\Programming\PersonalProjects\VisualStudio\SDL2\BoidsSimulation\src\FlockController.cpp(10,16): warning C4305: 'initializing': truncation from 'double' to 'const float'
C:\Vishrut\Programming\PersonalProjects\VisualStudio\SDL2\BoidsSimulation\src\FlockController.cpp(14,15): warning C4305: 'initializing': truncation from 'double' to 'const float'
  Main.cpp
C:\Vishrut\Programming\PersonalProjects\VisualStudio\SDL2\BoidsSimulation\src\Main.cpp(3,10): warning C4067: unexpected tokens following preprocessor directive - expected a newline
C:\Vishrut\Programming\PersonalProjects\VisualStudio\SDL2\BoidsSimulation\src\Utils.h(22,22): warning C4244: '=': conversion from 'double' to 'Uint8', possible loss of data
C:\Vishrut\Programming\PersonalProjects\VisualStudio\SDL2\BoidsSimulation\src\Utils.h(23,22): warning C4244: '=': conversion from 'double' to 'Uint8', possible loss of data
C:\Vishrut\Programming\PersonalProjects\VisualStudio\SDL2\BoidsSimulation\src\Utils.h(24,22): warning C4244: '=': conversion from 'double' to 'Uint8', possible loss of data
  Generating Code...
  BoidsSimulation.vcxproj -> C:\Vishrut\Programming\PersonalProjects\VisualStudio\SDL2\BoidsSimulation\x64\Debug\BoidsSimulation.exe
